<?xml version="1.0" encoding="UTF-8"?>
<!-- Generated by org.testng.reporters.JUnitReportReporter -->
<testsuite hostname="DESKTOP-BH3MCQC" failures="0" tests="1" name="day8.UpdateUser" time="0.809" errors="0" timestamp="2024-09-09T20:09:19 IST" skipped="0">
  <testcase classname="day8.UpdateUser" name="test_UpdateUser" time="0.809"/>
  <system-out/>
</testsuite> <!-- day8.UpdateUser -->
