<?xml version="1.0" encoding="UTF-8"?>
<!-- Generated by org.testng.reporters.JUnitReportReporter -->
<testsuite hostname="DESKTOP-BH3MCQC" failures="0" tests="1" name="day8.GetUser" time="0.870" errors="0" timestamp="2024-09-09T20:09:19 IST" skipped="0">
  <testcase classname="day8.GetUser" name="test_getUser" time="0.870"/>
  <system-out/>
</testsuite> <!-- day8.GetUser -->
