<?xml version="1.0" encoding="UTF-8"?>
<!-- Generated by org.testng.reporters.JUnitReportReporter -->
<testsuite hostname="DESKTOP-BH3MCQC" failures="0" tests="1" name="day7.FakerData" time="0.388" errors="0" timestamp="2024-09-09T14:27:24 IST" skipped="0">
  <testcase classname="day7.FakerData" name="testGenerateDummyData" time="0.388"/>
  <system-out/>
</testsuite> <!-- day7.FakerData -->
