<?xml version="1.0" encoding="UTF-8"?>
<!-- Generated by org.testng.reporters.JUnitReportReporter -->
<testsuite hostname="DESKTOP-BH3MCQC" failures="0" tests="1" name="day3.PathOrQueryParams" time="2.788" errors="0" timestamp="2025-02-11T11:41:38 IST" skipped="0">
  <testcase classname="day3.PathOrQueryParams" name="testPathOrQueryParams" time="2.788"/>
  <system-out/>
</testsuite> <!-- day3.PathOrQueryParams -->
