<?xml version="1.0" encoding="UTF-8"?>
<!-- Generated by org.testng.reporters.JUnitReportReporter -->
<testsuite hostname="DESKTOP-BH3MCQC" failures="0" tests="1" name="day1.Execute" time="3.529" errors="0" timestamp="2025-02-10T18:49:08 IST" skipped="0">
  <testcase classname="day1.Execute" name="getUsers" time="3.529"/>
  <system-out/>
</testsuite> <!-- day1.Execute -->
