<?xml version="1.0" encoding="UTF-8"?>
<!-- Generated by org.testng.reporters.JUnitReportReporter -->
<testsuite hostname="DESKTOP-BH3MCQC" failures="0" tests="2" name="day6.SerializationAndDeserialization" time="0.446" errors="0" timestamp="2025-02-11T13:18:48 IST" skipped="0">
  <testcase classname="day6.SerializationAndDeserialization" name="serialization" time="0.402"/>
  <system-out/>
  <testcase classname="day6.SerializationAndDeserialization" name="deSerialization" time="0.044"/>
  <system-out/>
</testsuite> <!-- day6.SerializationAndDeserialization -->
