<?xml version="1.0" encoding="UTF-8"?>
<!-- Generated by org.testng.reporters.JUnitReportReporter -->
<testsuite hostname="DESKTOP-BH3MCQC" failures="0" tests="1" name="day3.HeadersDemo" time="3.106" errors="0" timestamp="2024-09-06T11:49:26 IST" skipped="0">
  <testcase classname="day3.HeadersDemo" name="getHeaders" time="3.106"/>
  <system-out/>
</testsuite> <!-- day3.HeadersDemo -->
