<?xml version="1.0" encoding="UTF-8"?>
<!-- Generated by org.testng.reporters.JUnitReportReporter -->
<testsuite hostname="DESKTOP-BH3MCQC" failures="0" tests="3" name="UI_API.Execute" time="5.602" errors="0" timestamp="2024-09-05T11:52:48 IST" skipped="0">
  <testcase classname="UI_API.Execute" name="execute" time="3.978"/>
  <system-out/>
  <testcase classname="UI_API.Execute" name="createUser" time="1.118"/>
  <system-out/>
  <testcase classname="UI_API.Execute" name="updateUser" time="0.506"/>
  <system-out/>
</testsuite> <!-- UI_API.Execute -->
