<?xml version="1.0" encoding="UTF-8"?>
<!-- Generated by org.testng.reporters.JUnitReportReporter -->
<testsuite hostname="DESKTOP-BH3MCQC" failures="0" tests="2" name="day3.CookiesDemo" time="4.663" errors="0" timestamp="2025-02-11T11:52:01 IST" skipped="0">
  <testcase classname="day3.CookiesDemo" name="testCookies" time="3.915"/>
  <system-out/>
  <testcase classname="day3.CookiesDemo" name="getCookiesInfo" time="0.748"/>
  <system-out/>
</testsuite> <!-- day3.CookiesDemo -->
