<?xml version="1.0" encoding="UTF-8"?>
<!-- Generated by org.testng.reporters.JUnitReportReporter -->
<testsuite hostname="DESKTOP-BH3MCQC" failures="0" tests="6" name="TestCases.DDTest" time="11.635" errors="0" timestamp="2025-02-12T19:16:00 IST" skipped="0">
  <testcase classname="TestCases.DDTest" name="testPostUser" time="3.979"/>
  <system-out/>
  <testcase classname="TestCases.DDTest" name="testPostUser" time="1.313"/>
  <system-out/>
  <testcase classname="TestCases.DDTest" name="testPostUser" time="2.167"/>
  <system-out/>
  <testcase classname="TestCases.DDTest" name="testDeleteUserByName" time="1.325"/>
  <system-out/>
  <testcase classname="TestCases.DDTest" name="testDeleteUserByName" time="1.582"/>
  <system-out/>
  <testcase classname="TestCases.DDTest" name="testDeleteUserByName" time="1.269"/>
  <system-out/>
</testsuite> <!-- TestCases.DDTest -->
